current directory: /Users/satomi/wonderful_editor/vendor/bundle/ruby/3.1.0/gems/bigdecimal-3.2.2/ext/bigdecimal
/Users/satomi/.rbenv/versions/3.1.4/bin/ruby -I /Users/satomi/.rbenv/versions/3.1.4/lib/ruby/3.1.0 extconf.rb
checking for __builtin_clz()... yes
checking for __builtin_clzl()... yes
checking for __builtin_clzll()... yes
checking for float.h... yes
checking for math.h... yes
checking for stdbool.h... yes
checking for stdlib.h... yes
checking for x86intrin.h... yes
checking for _lzcnt_u32() in x86intrin.h... yes
checking for _lzcnt_u64() in x86intrin.h... yes
checking for intrin.h... no
checking for labs() in stdlib.h... yes
checking for llabs() in stdlib.h... yes
checking for finite() in math.h... yes
checking for isfinite() in math.h... no
checking for ruby/atomic.h... yes
checking for ruby/internal/has/builtin.h... yes
checking for ruby/internal/static_assert.h... yes
checking for rb_rational_num() in ruby.h... no
checking for rb_rational_den() in ruby.h... no
checking for rb_complex_real() in ruby.h... no
checking for rb_complex_imag() in ruby.h... no
checking for rb_opts_exception_p() in ruby.h... no
checking for rb_category_warn() in ruby.h... no
checking for RB_WARN_CATEGORY_DEPRECATED in ruby.h... yes
creating Makefile

current directory: /Users/satomi/wonderful_editor/vendor/bundle/ruby/3.1.0/gems/bigdecimal-3.2.2/ext/bigdecimal
make DESTDIR\= sitearchdir\=./.gem.20250702-97081-p4fe7u sitelibdir\=./.gem.20250702-97081-p4fe7u clean

current directory: /Users/satomi/wonderful_editor/vendor/bundle/ruby/3.1.0/gems/bigdecimal-3.2.2/ext/bigdecimal
make DESTDIR\= sitearchdir\=./.gem.20250702-97081-p4fe7u sitelibdir\=./.gem.20250702-97081-p4fe7u
compiling bigdecimal.c
In file included from bigdecimal.c:11:
In file included from ./bigdecimal.h:14:
./missing.h:127:1: error: static declaration of 'rb_rational_num' follows non-static declaration
  127 | rb_rational_num(VALUE rat)
      | ^
/Users/satomi/.rbenv/versions/3.1.4/include/ruby-3.1.0/ruby/internal/intern/rational.h:128:7: note: previous declaration is here
  128 | VALUE rb_rational_num(VALUE rat);
      |       ^
In file included from bigdecimal.c:11:
In file included from ./bigdecimal.h:14:
./missing.h:139:1: error: static declaration of 'rb_rational_den' follows non-static declaration
  139 | rb_rational_den(VALUE rat)
      | ^
/Users/satomi/.rbenv/versions/3.1.4/include/ruby-3.1.0/ruby/internal/intern/rational.h:138:7: note: previous declaration is here
  138 | VALUE rb_rational_den(VALUE rat);
      |       ^
In file included from bigdecimal.c:11:
In file included from ./bigdecimal.h:14:
./missing.h:153:1: error: static declaration of 'rb_complex_real' follows non-static declaration
  153 | rb_complex_real(VALUE cmp)
      | ^
/Users/satomi/.rbenv/versions/3.1.4/include/ruby-3.1.0/ruby/internal/intern/complex.h:101:7: note: previous declaration is here
  101 | VALUE rb_complex_real(VALUE z);
      |       ^
In file included from bigdecimal.c:11:
In file included from ./bigdecimal.h:14:
./missing.h:165:1: error: static declaration of 'rb_complex_imag' follows non-static declaration
  165 | rb_complex_imag(VALUE cmp)
      | ^
/Users/satomi/.rbenv/versions/3.1.4/include/ruby-3.1.0/ruby/internal/intern/complex.h:110:7: note: previous declaration is here
  110 | VALUE rb_complex_imag(VALUE z);
      |       ^
4 errors generated.
make: *** [bigdecimal.o] Error 1

make failed, exit code 2
